[debug] [2023-03-11T00:16:55.899Z] ----------------------------------------------------------------------
[debug] [2023-03-11T00:16:55.903Z] Command:       C:\Program Files\nodejs\node.exe C:\Users\hp\AppData\Roaming\npm\node_modules\firebase-tools\lib\bin\firebase.js emulators:start
[debug] [2023-03-11T00:16:55.904Z] CLI Version:   11.24.1
[debug] [2023-03-11T00:16:55.904Z] Platform:      win32
[debug] [2023-03-11T00:16:55.904Z] Node Version:  v19.0.1
[debug] [2023-03-11T00:16:55.905Z] Time:          Sat Mar 11 2023 05:46:55 GMT+0530 (India Standard Time)
[debug] [2023-03-11T00:16:55.905Z] ----------------------------------------------------------------------
[debug] 
[debug] [2023-03-11T00:16:56.087Z] > command requires scopes: ["email","openid","https://www.googleapis.com/auth/cloudplatformprojects.readonly","https://www.googleapis.com/auth/firebase","https://www.googleapis.com/auth/cloud-platform"]
[debug] [2023-03-11T00:16:56.088Z] > authorizing via signed-in user (vanshikamaan987@gmail.com)
[info] i  emulators: Starting emulators: functions {"metadata":{"emulator":{"name":"hub"},"message":"Starting emulators: functions"}}
[debug] [2023-03-11T00:16:56.109Z] [logging] Logging Emulator only supports listening on one address (127.0.0.1). Not listening on ::1
[debug] [2023-03-11T00:16:56.110Z] assigned listening specs for emulators {"user":{"hub":[{"address":"127.0.0.1","family":"IPv4","port":4400},{"address":"::1","family":"IPv6","port":4400}],"ui":[{"address":"127.0.0.1","family":"IPv4","port":4000},{"address":"::1","family":"IPv6","port":4000}],"logging":[{"address":"127.0.0.1","family":"IPv4","port":4500}]},"metadata":{"message":"assigned listening specs for emulators"}}
[debug] [2023-03-11T00:16:56.129Z] [hub] writing locator at C:\Users\hp\AppData\Local\Temp\hub-challenge-69ceb.json
[debug] [2023-03-11T00:16:56.177Z] [functions] Functions Emulator only supports listening on one address (127.0.0.1). Not listening on ::1
[debug] [2023-03-11T00:16:56.178Z] [eventarc] Eventarc Emulator only supports listening on one address (127.0.0.1). Not listening on ::1
[debug] [2023-03-11T00:16:56.178Z] late-assigned ports for functions and eventarc emulators {"user":{"hub":[{"address":"127.0.0.1","family":"IPv4","port":4400},{"address":"::1","family":"IPv6","port":4400}],"ui":[{"address":"127.0.0.1","family":"IPv4","port":4000},{"address":"::1","family":"IPv6","port":4000}],"logging":[{"address":"127.0.0.1","family":"IPv4","port":4500}],"functions":[{"address":"127.0.0.1","family":"IPv4","port":5001}],"eventarc":[{"address":"127.0.0.1","family":"IPv4","port":9299}]},"metadata":{"message":"late-assigned ports for functions and eventarc emulators"}}
[warn] !  functions: The following emulators are not running, calls to these services from the Functions emulator will affect production: auth, firestore, database, hosting, pubsub, storage {"metadata":{"emulator":{"name":"functions"},"message":"The following emulators are not running, calls to these services from the Functions emulator will affect production: \u001b[1mauth, firestore, database, hosting, pubsub, storage\u001b[22m"}}
[debug] [2023-03-11T00:16:56.193Z] defaultcredentials: writing to file C:\Users\hp\AppData\Roaming\firebase\vanshikamaan987_gmail_com_application_default_credentials.json
[debug] [2023-03-11T00:16:56.227Z] Setting GAC to C:\Users\hp\AppData\Roaming\firebase\vanshikamaan987_gmail_com_application_default_credentials.json {"metadata":{"emulator":{"name":"functions"},"message":"Setting GAC to C:\\Users\\hp\\AppData\\Roaming\\firebase\\vanshikamaan987_gmail_com_application_default_credentials.json"}}
[debug] [2023-03-11T00:16:56.234Z] >>> [apiv2][query] GET https://firebase.googleapis.com/v1beta1/projects/challenge-69ceb/adminSdkConfig [none]
[debug] [2023-03-11T00:16:56.988Z] <<< [apiv2][status] GET https://firebase.googleapis.com/v1beta1/projects/challenge-69ceb/adminSdkConfig 200
[debug] [2023-03-11T00:16:56.988Z] <<< [apiv2][body] GET https://firebase.googleapis.com/v1beta1/projects/challenge-69ceb/adminSdkConfig {"projectId":"challenge-69ceb","databaseURL":"https://challenge-69ceb-default-rtdb.firebaseio.com","storageBucket":"challenge-69ceb.appspot.com"}
[info] i  ui: downloading ui-v1.11.4.zip... {"metadata":{"emulator":{"name":"ui"},"message":"downloading ui-v1.11.4.zip..."}}
[debug] [2023-03-11T00:16:57.047Z] >>> [apiv2][query] GET https://storage.googleapis.com/firebase-preview-drop/emulator/ui-v1.11.4.zip 
[debug] [2023-03-11T00:16:57.535Z] <<< [apiv2][status] GET https://storage.googleapis.com/firebase-preview-drop/emulator/ui-v1.11.4.zip 200
[debug] [2023-03-11T00:16:57.535Z] <<< [apiv2][body] GET https://storage.googleapis.com/firebase-preview-drop/emulator/ui-v1.11.4.zip [stream]
[debug] [2023-03-11T00:17:00.381Z] Ignoring unsupported arg: auto_download {"metadata":{"emulator":{"name":"ui"},"message":"Ignoring unsupported arg: auto_download"}}
[debug] [2023-03-11T00:17:00.381Z] Ignoring unsupported arg: port {"metadata":{"emulator":{"name":"ui"},"message":"Ignoring unsupported arg: port"}}
[debug] [2023-03-11T00:17:00.381Z] Starting Emulator UI with command {"binary":"node","args":["C:\\Users\\hp\\.cache\\firebase\\emulators\\ui-v1.11.4\\server\\server.js"],"optionalArgs":[],"joinArgs":false} {"metadata":{"emulator":{"name":"ui"},"message":"Starting Emulator UI with command {\"binary\":\"node\",\"args\":[\"C:\\\\Users\\\\hp\\\\.cache\\\\firebase\\\\emulators\\\\ui-v1.11.4\\\\server\\\\server.js\"],\"optionalArgs\":[],\"joinArgs\":false}"}}
[info] i  ui: Emulator UI logging to ui-debug.log {"metadata":{"emulator":{"name":"ui"},"message":"Emulator UI logging to \u001b[1mui-debug.log\u001b[22m"}}
[debug] [2023-03-11T00:17:00.633Z] Web / API server started at 127.0.0.1:4000
 {"metadata":{"emulator":{"name":"ui"},"message":"Web / API server started at 127.0.0.1:4000\n"}}
[debug] [2023-03-11T00:17:00.633Z] Web / API server started at ::1:4000
 {"metadata":{"emulator":{"name":"ui"},"message":"Web / API server started at ::1:4000\n"}}
[info] i  functions: Watching "C:\Users\hp\OneDrive\Desktop\amazon-clone\amazon-clone\functions" for Cloud Functions... {"metadata":{"emulator":{"name":"functions"},"message":"Watching \"C:\\Users\\hp\\OneDrive\\Desktop\\amazon-clone\\amazon-clone\\functions\" for Cloud Functions..."}}
[debug] [2023-03-11T00:17:00.673Z] Validating nodejs source
[debug] [2023-03-11T00:17:03.101Z] > [functions] package.json contents: {
  "name": "functions",
  "description": "Cloud Functions for Firebase",
  "scripts": {
    "lint": "eslint .",
    "serve": "firebase emulators:start --only functions",
    "shell": "firebase functions:shell",
    "start": "npm run shell",
    "deploy": "firebase deploy --only functions",
    "logs": "firebase functions:log"
  },
  "engines": {
    "node": "16"
  },
  "main": "index.js",
  "dependencies": {
    "express": "^4.18.2",
    "firebase-admin": "^11.5.0",
    "firebase-functions": "^4.2.0",
    "stripe": "^11.14.0"
  },
  "devDependencies": {
    "eslint": "^8.15.0",
    "eslint-config-google": "^0.14.0",
    "firebase-functions-test": "^3.0.0"
  },
  "private": true
}
[debug] [2023-03-11T00:17:03.102Z] Building nodejs source
[debug] [2023-03-11T00:17:03.103Z] Failed to find version of module node: reached end of search path C:\Users\hp\OneDrive\Desktop\amazon-clone\amazon-clone\functions\node_modules
[warn] !  functions: Your requested "node" version "16" doesn't match your global version "19". Using node@19 from host. 
[debug] [2023-03-11T00:17:03.109Z] Could not find functions.yaml. Must use http discovery
[debug] [2023-03-11T00:17:03.121Z] Found firebase-functions binary at 'C:\Users\hp\OneDrive\Desktop\amazon-clone\amazon-clone\functions\node_modules\.bin\firebase-functions'
[debug] [2023-03-11T00:17:03.696Z] Serving at port 8561

[debug] [2023-03-11T00:17:04.429Z] Got response from /__/functions.yaml {"endpoints":{},"specVersion":"v1alpha1","requiredAPIs":[]}
[debug] [2023-03-11T00:17:04.440Z] shutdown requested via /__/quitquitquit

[info] +  functions: Loaded functions definitions from source: . {"metadata":{"emulator":{"name":"functions"},"message":"Loaded functions definitions from source: ."}}
[info] 
┌─────────────────────────────────────────────────────────────┐
│ ✔  All emulators ready! It is now safe to connect your app. │
│ i  View Emulator UI at http://127.0.0.1:4000/               │
└─────────────────────────────────────────────────────────────┘

┌───────────┬────────────────┬─────────────────────────────────┐
│ Emulator  │ Host:Port      │ View in Emulator UI             │
├───────────┼────────────────┼─────────────────────────────────┤
│ Functions │ 127.0.0.1:5001 │ http://127.0.0.1:4000/functions │
└───────────┴────────────────┴─────────────────────────────────┘
  Emulator Hub running at 127.0.0.1:4400
  Other reserved ports: 4500

Issues? Report them at https://github.com/firebase/firebase-tools/issues and attach the *-debug.log files.
 
[debug] [2023-03-11T00:19:43.061Z] File C:\Users\hp\OneDrive\Desktop\amazon-clone\amazon-clone\functions\package-lock.json changed, reloading triggers {"metadata":{"emulator":{"name":"functions"},"message":"File C:\\Users\\hp\\OneDrive\\Desktop\\amazon-clone\\amazon-clone\\functions\\package-lock.json changed, reloading triggers"}}
[debug] [2023-03-11T00:19:44.073Z] Validating nodejs source
[debug] [2023-03-11T00:19:46.477Z] > [functions] package.json contents: {
  "name": "functions",
  "description": "Cloud Functions for Firebase",
  "scripts": {
    "lint": "eslint .",
    "serve": "firebase emulators:start --only functions",
    "shell": "firebase functions:shell",
    "start": "npm run shell",
    "deploy": "firebase deploy --only functions",
    "logs": "firebase functions:log"
  },
  "engines": {
    "node": "16"
  },
  "main": "index.js",
  "dependencies": {
    "express": "^4.18.2",
    "firebase-admin": "^11.5.0",
    "firebase-functions": "^4.2.0",
    "stripe": "^11.14.0"
  },
  "devDependencies": {
    "eslint": "^8.15.0",
    "eslint-config-google": "^0.14.0",
    "firebase-functions-test": "^3.0.0"
  },
  "private": true
}
[debug] [2023-03-11T00:19:46.478Z] Building nodejs source
[debug] [2023-03-11T00:19:46.478Z] Failed to find version of module node: reached end of search path C:\Users\hp\OneDrive\Desktop\amazon-clone\amazon-clone\functions\node_modules
[warn] !  functions: Your requested "node" version "16" doesn't match your global version "19". Using node@19 from host. 
[debug] [2023-03-11T00:19:46.482Z] Could not find functions.yaml. Must use http discovery
[debug] [2023-03-11T00:19:46.500Z] Found firebase-functions binary at 'C:\Users\hp\OneDrive\Desktop\amazon-clone\amazon-clone\functions\node_modules\.bin\firebase-functions'
[debug] [2023-03-11T00:19:47.204Z] Serving at port 8209

[debug] [2023-03-11T00:19:47.971Z] Got response from /__/functions.yaml {"endpoints":{},"specVersion":"v1alpha1","requiredAPIs":[]}
[debug] [2023-03-11T00:19:47.982Z] shutdown requested via /__/quitquitquit

[info] +  functions: Loaded functions definitions from source: . {"metadata":{"emulator":{"name":"functions"},"message":"Loaded functions definitions from source: ."}}
[debug] [2023-03-11T00:29:20.749Z] File C:\Users\hp\OneDrive\Desktop\amazon-clone\amazon-clone\functions\index.js changed, reloading triggers {"metadata":{"emulator":{"name":"functions"},"message":"File C:\\Users\\hp\\OneDrive\\Desktop\\amazon-clone\\amazon-clone\\functions\\index.js changed, reloading triggers"}}
[debug] [2023-03-11T00:29:21.752Z] Validating nodejs source
[debug] [2023-03-11T00:29:24.641Z] > [functions] package.json contents: {
  "name": "functions",
  "description": "Cloud Functions for Firebase",
  "scripts": {
    "lint": "eslint .",
    "serve": "firebase emulators:start --only functions",
    "shell": "firebase functions:shell",
    "start": "npm run shell",
    "deploy": "firebase deploy --only functions",
    "logs": "firebase functions:log"
  },
  "engines": {
    "node": "16"
  },
  "main": "index.js",
  "dependencies": {
    "express": "^4.18.2",
    "firebase-admin": "^11.5.0",
    "firebase-functions": "^4.2.0",
    "stripe": "^11.14.0"
  },
  "devDependencies": {
    "eslint": "^8.15.0",
    "eslint-config-google": "^0.14.0",
    "firebase-functions-test": "^3.0.0"
  },
  "private": true
}
[debug] [2023-03-11T00:29:24.641Z] Building nodejs source
[debug] [2023-03-11T00:29:24.642Z] Failed to find version of module node: reached end of search path C:\Users\hp\OneDrive\Desktop\amazon-clone\amazon-clone\functions\node_modules
[warn] !  functions: Your requested "node" version "16" doesn't match your global version "19". Using node@19 from host. 
[debug] [2023-03-11T00:29:24.645Z] Could not find functions.yaml. Must use http discovery
[debug] [2023-03-11T00:29:24.657Z] Found firebase-functions binary at 'C:\Users\hp\OneDrive\Desktop\amazon-clone\amazon-clone\functions\node_modules\.bin\firebase-functions'
[debug] [2023-03-11T00:29:25.243Z] Serving at port 8345

[debug] [2023-03-11T00:29:26.572Z] Got response from /__/functions.yaml Failed to generate manifest from function source: ReferenceError: expess is not defined
[debug] [2023-03-11T00:29:26.576Z] Failed to parse functions.yamlincomplete explicit mapping pair; a key node is missed; or followed by a non-tabulated empty line at line 1, column 65:
     ...  function source: ReferenceError: expess is not defined
                                         ^ {"name":"YAMLException","reason":"incomplete explicit mapping pair; a key node is missed; or followed by a non-tabulated empty line","mark":{"name":null,"buffer":"Failed to generate manifest from function source: ReferenceError: expess is not defined\n\u0000","position":64,"line":0,"column":64},"message":"incomplete explicit mapping pair; a key node is missed; or followed by a non-tabulated empty line at line 1, column 65:\n     ...  function source: ReferenceError: expess is not defined\n                                         ^"}
[debug] [2023-03-11T00:29:26.587Z] shutdown requested via /__/quitquitquit

[error] !!  functions: Failed to load function definition from source: FirebaseError: Failed to load function definition from source: Failed to generate manifest from function source: ReferenceError: expess is not defined {"metadata":{"emulator":{"name":"functions"},"message":"Failed to load function definition from source: FirebaseError: Failed to load function definition from source: Failed to generate manifest from function source: ReferenceError: expess is not defined"}}
[debug] [2023-03-11T00:43:28.437Z] File C:\Users\hp\OneDrive\Desktop\amazon-clone\amazon-clone\functions\index.js changed, reloading triggers {"metadata":{"emulator":{"name":"functions"},"message":"File C:\\Users\\hp\\OneDrive\\Desktop\\amazon-clone\\amazon-clone\\functions\\index.js changed, reloading triggers"}}
[debug] [2023-03-11T00:43:29.449Z] Validating nodejs source
[debug] [2023-03-11T00:43:33.040Z] > [functions] package.json contents: {
  "name": "functions",
  "description": "Cloud Functions for Firebase",
  "scripts": {
    "lint": "eslint .",
    "serve": "firebase emulators:start --only functions",
    "shell": "firebase functions:shell",
    "start": "npm run shell",
    "deploy": "firebase deploy --only functions",
    "logs": "firebase functions:log"
  },
  "engines": {
    "node": "16"
  },
  "main": "index.js",
  "dependencies": {
    "express": "^4.18.2",
    "firebase-admin": "^11.5.0",
    "firebase-functions": "^4.2.0",
    "stripe": "^11.14.0"
  },
  "devDependencies": {
    "eslint": "^8.15.0",
    "eslint-config-google": "^0.14.0",
    "firebase-functions-test": "^3.0.0"
  },
  "private": true
}
[debug] [2023-03-11T00:43:33.040Z] Building nodejs source
[debug] [2023-03-11T00:43:33.041Z] Failed to find version of module node: reached end of search path C:\Users\hp\OneDrive\Desktop\amazon-clone\amazon-clone\functions\node_modules
[warn] !  functions: Your requested "node" version "16" doesn't match your global version "19". Using node@19 from host. 
[debug] [2023-03-11T00:43:33.044Z] Could not find functions.yaml. Must use http discovery
[debug] [2023-03-11T00:43:33.056Z] Found firebase-functions binary at 'C:\Users\hp\OneDrive\Desktop\amazon-clone\amazon-clone\functions\node_modules\.bin\firebase-functions'
[debug] [2023-03-11T00:43:33.728Z] Serving at port 8151

[debug] [2023-03-11T00:43:35.035Z] Got response from /__/functions.yaml Failed to generate manifest from function source: ReferenceError: expess is not defined
[debug] [2023-03-11T00:43:35.036Z] Failed to parse functions.yamlincomplete explicit mapping pair; a key node is missed; or followed by a non-tabulated empty line at line 1, column 65:
     ...  function source: ReferenceError: expess is not defined
                                         ^ {"name":"YAMLException","reason":"incomplete explicit mapping pair; a key node is missed; or followed by a non-tabulated empty line","mark":{"name":null,"buffer":"Failed to generate manifest from function source: ReferenceError: expess is not defined\n\u0000","position":64,"line":0,"column":64},"message":"incomplete explicit mapping pair; a key node is missed; or followed by a non-tabulated empty line at line 1, column 65:\n     ...  function source: ReferenceError: expess is not defined\n                                         ^"}
[debug] [2023-03-11T00:43:35.044Z] shutdown requested via /__/quitquitquit

[error] !!  functions: Failed to load function definition from source: FirebaseError: Failed to load function definition from source: Failed to generate manifest from function source: ReferenceError: expess is not defined {"metadata":{"emulator":{"name":"functions"},"message":"Failed to load function definition from source: FirebaseError: Failed to load function definition from source: Failed to generate manifest from function source: ReferenceError: expess is not defined"}}
[debug] [2023-03-11T00:45:47.953Z] Received signal SIGHUP 1
